Analysis & Synthesis report for MSSD_QM
Sun Dec 27 18:20:31 2020
Quartus Prime Version 20.1.0 Build 711 06/05/2020 SJ Lite Edition


---------------------
; Table of Contents ;
---------------------
  1. Legal Notice
  2. Analysis & Synthesis Summary
  3. Analysis & Synthesis Settings
  4. Parallel Compilation
  5. Analysis & Synthesis Source Files Read
  6. Analysis & Synthesis Resource Usage Summary
  7. Analysis & Synthesis Resource Utilization by Entity
  8. State Machine - |MSSD_QM|StateMachine_QM:state_machine_qm|curr_state
  9. Registers Removed During Synthesis
 10. General Register Statistics
 11. Multiplexer Restructuring Statistics (Restructuring Performed)
 12. Parameter Settings for User Entity Instance: StateMachine_QM:state_machine_qm
 13. Port Connectivity Checks: "UpCounter9Bit_QM:up_counter_9bit_qm"
 14. Post-Synthesis Netlist Statistics for Top Partition
 15. Elapsed Time Per Partition
 16. Analysis & Synthesis Messages



----------------
; Legal Notice ;
----------------
Copyright (C) 2020  Intel Corporation. All rights reserved.
Your use of Intel Corporation's design tools, logic functions 
and other software and tools, and any partner logic 
functions, and any output files from any of the foregoing 
(including device programming or simulation files), and any 
associated documentation or information are expressly subject 
to the terms and conditions of the Intel Program License 
Subscription Agreement, the Intel Quartus Prime License Agreement,
the Intel FPGA IP License Agreement, or other applicable license
agreement, including, without limitation, that your use is for
the sole purpose of programming logic devices manufactured by
Intel and sold by Intel or its authorized distributors.  Please
refer to the applicable agreement for further details, at
https://fpgasoftware.intel.com/eula.



+----------------------------------------------------------------------------------+
; Analysis & Synthesis Summary                                                     ;
+------------------------------------+---------------------------------------------+
; Analysis & Synthesis Status        ; Successful - Sun Dec 27 18:20:31 2020       ;
; Quartus Prime Version              ; 20.1.0 Build 711 06/05/2020 SJ Lite Edition ;
; Revision Name                      ; MSSD_QM                                     ;
; Top-level Entity Name              ; MSSD_QM                                     ;
; Family                             ; Cyclone IV GX                               ;
; Total logic elements               ; 44                                          ;
;     Total combinational functions  ; 36                                          ;
;     Dedicated logic registers      ; 26                                          ;
; Total registers                    ; 26                                          ;
; Total pins                         ; 11                                          ;
; Total virtual pins                 ; 0                                           ;
; Total memory bits                  ; 0                                           ;
; Embedded Multiplier 9-bit elements ; 0                                           ;
; Total GXB Receiver Channel PCS     ; 0                                           ;
; Total GXB Receiver Channel PMA     ; 0                                           ;
; Total GXB Transmitter Channel PCS  ; 0                                           ;
; Total GXB Transmitter Channel PMA  ; 0                                           ;
; Total PLLs                         ; 0                                           ;
+------------------------------------+---------------------------------------------+


+------------------------------------------------------------------------------------------------------------+
; Analysis & Synthesis Settings                                                                              ;
+------------------------------------------------------------------+--------------------+--------------------+
; Option                                                           ; Setting            ; Default Value      ;
+------------------------------------------------------------------+--------------------+--------------------+
; Device                                                           ; EP4CGX15BF14A7     ;                    ;
; Top-level entity name                                            ; MSSD_QM            ; MSSD_QM            ;
; Family name                                                      ; Cyclone IV GX      ; Cyclone V          ;
; Use smart compilation                                            ; Off                ; Off                ;
; Enable parallel Assembler and Timing Analyzer during compilation ; On                 ; On                 ;
; Enable compact report table                                      ; Off                ; Off                ;
; Restructure Multiplexers                                         ; Auto               ; Auto               ;
; Create Debugging Nodes for IP Cores                              ; Off                ; Off                ;
; Preserve fewer node names                                        ; On                 ; On                 ;
; Intel FPGA IP Evaluation Mode                                    ; Enable             ; Enable             ;
; Verilog Version                                                  ; Verilog_2001       ; Verilog_2001       ;
; VHDL Version                                                     ; VHDL_1993          ; VHDL_1993          ;
; State Machine Processing                                         ; Auto               ; Auto               ;
; Safe State Machine                                               ; Off                ; Off                ;
; Extract Verilog State Machines                                   ; On                 ; On                 ;
; Extract VHDL State Machines                                      ; On                 ; On                 ;
; Ignore Verilog initial constructs                                ; Off                ; Off                ;
; Iteration limit for constant Verilog loops                       ; 5000               ; 5000               ;
; Iteration limit for non-constant Verilog loops                   ; 250                ; 250                ;
; Add Pass-Through Logic to Inferred RAMs                          ; On                 ; On                 ;
; Infer RAMs from Raw Logic                                        ; On                 ; On                 ;
; Parallel Synthesis                                               ; On                 ; On                 ;
; DSP Block Balancing                                              ; Auto               ; Auto               ;
; NOT Gate Push-Back                                               ; On                 ; On                 ;
; Power-Up Don't Care                                              ; On                 ; On                 ;
; Remove Redundant Logic Cells                                     ; Off                ; Off                ;
; Remove Duplicate Registers                                       ; On                 ; On                 ;
; Ignore CARRY Buffers                                             ; Off                ; Off                ;
; Ignore CASCADE Buffers                                           ; Off                ; Off                ;
; Ignore GLOBAL Buffers                                            ; Off                ; Off                ;
; Ignore ROW GLOBAL Buffers                                        ; Off                ; Off                ;
; Ignore LCELL Buffers                                             ; Off                ; Off                ;
; Ignore SOFT Buffers                                              ; On                 ; On                 ;
; Limit AHDL Integers to 32 Bits                                   ; Off                ; Off                ;
; Optimization Technique                                           ; Balanced           ; Balanced           ;
; Carry Chain Length                                               ; 70                 ; 70                 ;
; Auto Carry Chains                                                ; On                 ; On                 ;
; Auto Open-Drain Pins                                             ; On                 ; On                 ;
; Perform WYSIWYG Primitive Resynthesis                            ; Off                ; Off                ;
; Auto ROM Replacement                                             ; On                 ; On                 ;
; Auto RAM Replacement                                             ; On                 ; On                 ;
; Auto DSP Block Replacement                                       ; On                 ; On                 ;
; Auto Shift Register Replacement                                  ; Auto               ; Auto               ;
; Allow Shift Register Merging across Hierarchies                  ; Auto               ; Auto               ;
; Auto Clock Enable Replacement                                    ; On                 ; On                 ;
; Strict RAM Replacement                                           ; Off                ; Off                ;
; Allow Synchronous Control Signals                                ; On                 ; On                 ;
; Force Use of Synchronous Clear Signals                           ; Off                ; Off                ;
; Auto RAM Block Balancing                                         ; On                 ; On                 ;
; Auto RAM to Logic Cell Conversion                                ; Off                ; Off                ;
; Auto Resource Sharing                                            ; Off                ; Off                ;
; Allow Any RAM Size For Recognition                               ; Off                ; Off                ;
; Allow Any ROM Size For Recognition                               ; Off                ; Off                ;
; Allow Any Shift Register Size For Recognition                    ; Off                ; Off                ;
; Use LogicLock Constraints during Resource Balancing              ; On                 ; On                 ;
; Ignore translate_off and synthesis_off directives                ; Off                ; Off                ;
; Timing-Driven Synthesis                                          ; On                 ; On                 ;
; Report Parameter Settings                                        ; On                 ; On                 ;
; Report Source Assignments                                        ; On                 ; On                 ;
; Report Connectivity Checks                                       ; On                 ; On                 ;
; Ignore Maximum Fan-Out Assignments                               ; Off                ; Off                ;
; Synchronization Register Chain Length                            ; 2                  ; 2                  ;
; Power Optimization During Synthesis                              ; Normal compilation ; Normal compilation ;
; HDL message level                                                ; Level2             ; Level2             ;
; Suppress Register Optimization Related Messages                  ; Off                ; Off                ;
; Number of Removed Registers Reported in Synthesis Report         ; 5000               ; 5000               ;
; Number of Swept Nodes Reported in Synthesis Report               ; 5000               ; 5000               ;
; Number of Inverted Registers Reported in Synthesis Report        ; 100                ; 100                ;
; Clock MUX Protection                                             ; On                 ; On                 ;
; Auto Gated Clock Conversion                                      ; Off                ; Off                ;
; Block Design Naming                                              ; Auto               ; Auto               ;
; SDC constraint protection                                        ; Off                ; Off                ;
; Synthesis Effort                                                 ; Auto               ; Auto               ;
; Shift Register Replacement - Allow Asynchronous Clear Signal     ; On                 ; On                 ;
; Pre-Mapping Resynthesis Optimization                             ; Off                ; Off                ;
; Analysis & Synthesis Message Level                               ; Medium             ; Medium             ;
; Disable Register Merging Across Hierarchies                      ; Auto               ; Auto               ;
; Resource Aware Inference For Block RAM                           ; On                 ; On                 ;
+------------------------------------------------------------------+--------------------+--------------------+


+------------------------------------------+
; Parallel Compilation                     ;
+----------------------------+-------------+
; Processors                 ; Number      ;
+----------------------------+-------------+
; Number detected on machine ; 4           ;
; Maximum allowed            ; 2           ;
;                            ;             ;
; Average used               ; 1.00        ;
; Maximum used               ; 2           ;
;                            ;             ;
; Usage by Processor         ; % Time Used ;
;     Processor 1            ; 100.0%      ;
;     Processor 2            ;   0.0%      ;
+----------------------------+-------------+


+---------------------------------------------------------------------------------------------------------------------------------------------------------------------------------------------+
; Analysis & Synthesis Source Files Read                                                                                                                                                      ;
+----------------------------------+-----------------+------------------------------+-----------------------------------------------------------------------------------------------+---------+
; File Name with User-Entered Path ; Used in Netlist ; File Type                    ; File Name with Absolute Path                                                                  ; Library ;
+----------------------------------+-----------------+------------------------------+-----------------------------------------------------------------------------------------------+---------+
; MSSD_QM.sv                       ; yes             ; User SystemVerilog HDL File  ; D:/Files/University/Term 3/Madar Manteghi/Projects/Project5/Main CA/Quartus/Module/MSSD_QM.sv ;         ;
+----------------------------------+-----------------+------------------------------+-----------------------------------------------------------------------------------------------+---------+


+---------------------------------------------+
; Analysis & Synthesis Resource Usage Summary ;
+--------------------------+------------------+
; Resource                 ; Usage            ;
+--------------------------+------------------+
; I/O pins                 ; 11               ;
;                          ;                  ;
; DSP block 9-bit elements ; 0                ;
;                          ;                  ;
; Maximum fan-out node     ; clk~input        ;
; Maximum fan-out          ; 26               ;
; Total fan-out            ; 207              ;
; Average fan-out          ; 2.46             ;
+--------------------------+------------------+


+------------------------------------------------------------------------------------------------------------------------------------------------------------------------------------------------------------------------------------------------------------------+
; Analysis & Synthesis Resource Utilization by Entity                                                                                                                                                                                                              ;
+------------------------------------------+---------------------+---------------------------+-------------+--------------+---------+-----------+-----------+------+--------------+----------------------------------------------+------------------+--------------+
; Compilation Hierarchy Node               ; Combinational ALUTs ; Dedicated Logic Registers ; Memory Bits ; DSP Elements ; DSP 9x9 ; DSP 18x18 ; DSP 36x36 ; Pins ; Virtual Pins ; Full Hierarchy Name                          ; Entity Name      ; Library Name ;
+------------------------------------------+---------------------+---------------------------+-------------+--------------+---------+-----------+-----------+------+--------------+----------------------------------------------+------------------+--------------+
; |MSSD_QM                                 ; 36 (1)              ; 26 (0)                    ; 0           ; 0            ; 0       ; 0         ; 0         ; 11   ; 0            ; |MSSD_QM                                     ; MSSD_QM          ; work         ;
;    |Decoder_QM:decoder_qm|               ; 4 (4)               ; 0 (0)                     ; 0           ; 0            ; 0       ; 0         ; 0         ; 0    ; 0            ; |MSSD_QM|Decoder_QM:decoder_qm               ; Decoder_QM       ; work         ;
;    |Fixer_QM:fixer_qm|                   ; 7 (7)               ; 0 (0)                     ; 0           ; 0            ; 0       ; 0         ; 0         ; 0    ; 0            ; |MSSD_QM|Fixer_QM:fixer_qm                   ; Fixer_QM         ; work         ;
;    |ShiftRegister_QM:shift_register_qm|  ; 0 (0)               ; 8 (8)                     ; 0           ; 0            ; 0       ; 0         ; 0         ; 0    ; 0            ; |MSSD_QM|ShiftRegister_QM:shift_register_qm  ; ShiftRegister_QM ; work         ;
;    |StateMachine_QM:state_machine_qm|    ; 7 (7)               ; 6 (6)                     ; 0           ; 0            ; 0       ; 0         ; 0         ; 0    ; 0            ; |MSSD_QM|StateMachine_QM:state_machine_qm    ; StateMachine_QM  ; work         ;
;    |UpCounter3Bit_QM:up_counter_3bit_qm| ; 4 (4)               ; 3 (3)                     ; 0           ; 0            ; 0       ; 0         ; 0         ; 0    ; 0            ; |MSSD_QM|UpCounter3Bit_QM:up_counter_3bit_qm ; UpCounter3Bit_QM ; work         ;
;    |UpCounter9Bit_QM:up_counter_9bit_qm| ; 13 (13)             ; 9 (9)                     ; 0           ; 0            ; 0       ; 0         ; 0         ; 0    ; 0            ; |MSSD_QM|UpCounter9Bit_QM:up_counter_9bit_qm ; UpCounter9Bit_QM ; work         ;
+------------------------------------------+---------------------+---------------------------+-------------+--------------+---------+-----------+-----------+------+--------------+----------------------------------------------+------------------+--------------+
Note: For table entries with two numbers listed, the numbers in parentheses indicate the number of resources of the given type used by the specific entity alone. The numbers listed outside of parentheses indicate the total resources of the given type used by the specific entity and all of its sub-entities in the hierarchy.


Encoding Type:  One-Hot
+-------------------------------------------------------------------------------------------------------------------------------------------------------------+
; State Machine - |MSSD_QM|StateMachine_QM:state_machine_qm|curr_state                                                                                        ;
+---------------------------+---------------------------+------------------+-------------------+---------------------+---------------------+------------------+
; Name                      ; curr_state.get_first_data ; curr_state.error ; curr_state.finish ; curr_state.get_data ; curr_state.get_info ; curr_state.start ;
+---------------------------+---------------------------+------------------+-------------------+---------------------+---------------------+------------------+
; curr_state.start          ; 0                         ; 0                ; 0                 ; 0                   ; 0                   ; 0                ;
; curr_state.get_info       ; 0                         ; 0                ; 0                 ; 0                   ; 1                   ; 1                ;
; curr_state.get_data       ; 0                         ; 0                ; 0                 ; 1                   ; 0                   ; 1                ;
; curr_state.finish         ; 0                         ; 0                ; 1                 ; 0                   ; 0                   ; 1                ;
; curr_state.error          ; 0                         ; 1                ; 0                 ; 0                   ; 0                   ; 1                ;
; curr_state.get_first_data ; 1                         ; 0                ; 0                 ; 0                   ; 0                   ; 1                ;
+---------------------------+---------------------------+------------------+-------------------+---------------------+---------------------+------------------+


+--------------------------------------------------------------------+
; Registers Removed During Synthesis                                 ;
+-----------------------------------------------+--------------------+
; Register name                                 ; Reason for Removal ;
+-----------------------------------------------+--------------------+
; StateMachine_QM:state_machine_qm|curr_state~4 ; Lost fanout        ;
; StateMachine_QM:state_machine_qm|curr_state~5 ; Lost fanout        ;
; StateMachine_QM:state_machine_qm|curr_state~6 ; Lost fanout        ;
; Total Number of Removed Registers = 3         ;                    ;
+-----------------------------------------------+--------------------+


+------------------------------------------------------+
; General Register Statistics                          ;
+----------------------------------------------+-------+
; Statistic                                    ; Value ;
+----------------------------------------------+-------+
; Total registers                              ; 26    ;
; Number of registers using Synchronous Clear  ; 0     ;
; Number of registers using Synchronous Load   ; 9     ;
; Number of registers using Asynchronous Clear ; 9     ;
; Number of registers using Asynchronous Load  ; 0     ;
; Number of registers using Clock Enable       ; 18    ;
; Number of registers using Preset             ; 0     ;
+----------------------------------------------+-------+


+----------------------------------------------------------------------------------------------------------------------------------------------------------------------+
; Multiplexer Restructuring Statistics (Restructuring Performed)                                                                                                       ;
+--------------------+-----------+---------------+----------------------+------------------------+------------+--------------------------------------------------------+
; Multiplexer Inputs ; Bus Width ; Baseline Area ; Area if Restructured ; Saving if Restructured ; Registered ; Example Multiplexer Output                             ;
+--------------------+-----------+---------------+----------------------+------------------------+------------+--------------------------------------------------------+
; 3:1                ; 3 bits    ; 6 LEs         ; 3 LEs                ; 3 LEs                  ; Yes        ; |MSSD_QM|UpCounter9Bit_QM:up_counter_9bit_qm|number[0] ;
; 3:1                ; 6 bits    ; 12 LEs        ; 6 LEs                ; 6 LEs                  ; Yes        ; |MSSD_QM|UpCounter9Bit_QM:up_counter_9bit_qm|number[3] ;
+--------------------+-----------+---------------+----------------------+------------------------+------------+--------------------------------------------------------+


+-------------------------------------------------------------------------------+
; Parameter Settings for User Entity Instance: StateMachine_QM:state_machine_qm ;
+----------------+-------+------------------------------------------------------+
; Parameter Name ; Value ; Type                                                 ;
+----------------+-------+------------------------------------------------------+
; start          ; 000   ; Unsigned Binary                                      ;
; get_info       ; 001   ; Unsigned Binary                                      ;
; get_data       ; 010   ; Unsigned Binary                                      ;
; finish         ; 011   ; Unsigned Binary                                      ;
; error          ; 100   ; Unsigned Binary                                      ;
; get_first_data ; 101   ; Unsigned Binary                                      ;
+----------------+-------+------------------------------------------------------+
Note: In order to hide this table in the UI and the text report file, please set the "Show Parameter Settings in Synthesis Report" option in "Analysis and Synthesis Settings -> More Settings" to "Off".


+-----------------------------------------------------------------+
; Port Connectivity Checks: "UpCounter9Bit_QM:up_counter_9bit_qm" ;
+----------+-------+----------+-----------------------------------+
; Port     ; Type  ; Severity ; Details                           ;
+----------+-------+----------+-----------------------------------+
; in[2..1] ; Input ; Info     ; Stuck at GND                      ;
; in[0]    ; Input ; Info     ; Stuck at VCC                      ;
+----------+-------+----------+-----------------------------------+


+-----------------------------------------------------+
; Post-Synthesis Netlist Statistics for Top Partition ;
+-----------------------+-----------------------------+
; Type                  ; Count                       ;
+-----------------------+-----------------------------+
; boundary_port         ; 11                          ;
; cycloneiii_ff         ; 26                          ;
;     CLR               ; 8                           ;
;     ENA               ; 8                           ;
;     ENA CLR           ; 1                           ;
;     ENA SLD           ; 9                           ;
; cycloneiii_lcell_comb ; 37                          ;
;     arith             ; 14                          ;
;         2 data inputs ; 14                          ;
;     normal            ; 23                          ;
;         0 data inputs ; 2                           ;
;         1 data inputs ; 3                           ;
;         2 data inputs ; 2                           ;
;         3 data inputs ; 6                           ;
;         4 data inputs ; 10                          ;
;                       ;                             ;
; Max LUT depth         ; 3.00                        ;
; Average LUT depth     ; 1.82                        ;
+-----------------------+-----------------------------+


+-------------------------------+
; Elapsed Time Per Partition    ;
+----------------+--------------+
; Partition Name ; Elapsed Time ;
+----------------+--------------+
; Top            ; 00:00:01     ;
+----------------+--------------+


+-------------------------------+
; Analysis & Synthesis Messages ;
+-------------------------------+
Info: *******************************************************************
Info: Running Quartus Prime Analysis & Synthesis
    Info: Version 20.1.0 Build 711 06/05/2020 SJ Lite Edition
    Info: Processing started: Sun Dec 27 18:20:14 2020
Info: Command: quartus_map --read_settings_files=on --write_settings_files=off MSSD_QM -c MSSD_QM
Warning (18236): Number of processors has not been specified which may cause overloading on shared machines.  Set the global assignment NUM_PARALLEL_PROCESSORS in your QSF to an appropriate value for best performance.
Info (20030): Parallel compilation is enabled and will use 2 of the 2 processors detected
Info (12021): Found 7 design units, including 7 entities, in source file mssd_qm.sv
    Info (12023): Found entity 1: MSSD_QM File: D:/Files/University/Term 3/Madar Manteghi/Projects/Project5/Main CA/Quartus/Module/MSSD_QM.sv Line: 3
    Info (12023): Found entity 2: StateMachine_QM File: D:/Files/University/Term 3/Madar Manteghi/Projects/Project5/Main CA/Quartus/Module/MSSD_QM.sv Line: 31
    Info (12023): Found entity 3: UpCounter3Bit_QM File: D:/Files/University/Term 3/Madar Manteghi/Projects/Project5/Main CA/Quartus/Module/MSSD_QM.sv Line: 75
    Info (12023): Found entity 4: ShiftRegister_QM File: D:/Files/University/Term 3/Madar Manteghi/Projects/Project5/Main CA/Quartus/Module/MSSD_QM.sv Line: 89
    Info (12023): Found entity 5: Fixer_QM File: D:/Files/University/Term 3/Madar Manteghi/Projects/Project5/Main CA/Quartus/Module/MSSD_QM.sv Line: 98
    Info (12023): Found entity 6: UpCounter9Bit_QM File: D:/Files/University/Term 3/Madar Manteghi/Projects/Project5/Main CA/Quartus/Module/MSSD_QM.sv Line: 103
    Info (12023): Found entity 7: Decoder_QM File: D:/Files/University/Term 3/Madar Manteghi/Projects/Project5/Main CA/Quartus/Module/MSSD_QM.sv Line: 117
Info (12127): Elaborating entity "MSSD_QM" for the top level hierarchy
Info (12128): Elaborating entity "StateMachine_QM" for hierarchy "StateMachine_QM:state_machine_qm" File: D:/Files/University/Term 3/Madar Manteghi/Projects/Project5/Main CA/Quartus/Module/MSSD_QM.sv Line: 12
Info (12128): Elaborating entity "UpCounter3Bit_QM" for hierarchy "UpCounter3Bit_QM:up_counter_3bit_qm" File: D:/Files/University/Term 3/Madar Manteghi/Projects/Project5/Main CA/Quartus/Module/MSSD_QM.sv Line: 15
Info (12128): Elaborating entity "ShiftRegister_QM" for hierarchy "ShiftRegister_QM:shift_register_qm" File: D:/Files/University/Term 3/Madar Manteghi/Projects/Project5/Main CA/Quartus/Module/MSSD_QM.sv Line: 18
Info (12128): Elaborating entity "Fixer_QM" for hierarchy "Fixer_QM:fixer_qm" File: D:/Files/University/Term 3/Madar Manteghi/Projects/Project5/Main CA/Quartus/Module/MSSD_QM.sv Line: 20
Info (12128): Elaborating entity "UpCounter9Bit_QM" for hierarchy "UpCounter9Bit_QM:up_counter_9bit_qm" File: D:/Files/University/Term 3/Madar Manteghi/Projects/Project5/Main CA/Quartus/Module/MSSD_QM.sv Line: 23
Warning (10230): Verilog HDL assignment warning at MSSD_QM.sv(111): truncated value with size 32 to match size of target (9) File: D:/Files/University/Term 3/Madar Manteghi/Projects/Project5/Main CA/Quartus/Module/MSSD_QM.sv Line: 111
Info (12128): Elaborating entity "Decoder_QM" for hierarchy "Decoder_QM:decoder_qm" File: D:/Files/University/Term 3/Madar Manteghi/Projects/Project5/Main CA/Quartus/Module/MSSD_QM.sv Line: 25
Info (286030): Timing-Driven Synthesis is running
Info (17049): 3 registers lost all their fanouts during netlist optimizations.
Info (16010): Generating hard_block partition "hard_block:auto_generated_inst"
    Info (16011): Adding 0 node(s), including 0 DDIO, 0 PLL, 0 transceiver and 0 LCELL
Info (21057): Implemented 55 device resources after synthesis - the final resource count might be different
    Info (21058): Implemented 3 input pins
    Info (21059): Implemented 8 output pins
    Info (21061): Implemented 44 logic cells
Info: Quartus Prime Analysis & Synthesis was successful. 0 errors, 2 warnings
    Info: Peak virtual memory: 4814 megabytes
    Info: Processing ended: Sun Dec 27 18:20:31 2020
    Info: Elapsed time: 00:00:17
    Info: Total CPU time (on all processors): 00:00:29


